<?xml version="1.0" encoding="UTF-8"?>
<!DOCTYPE mapper PUBLIC
"-//mybatis.org//DTD Mapper 3.0//EN"
"http://mybatis.org/dtd/mybatis-3-mapper.dtd">
<mapper namespace="testMapper">

	<insert id="insertCUser" parameterType="CryptoUser">
		insert into crypto_user
		values (#{userid}, #{userpwd}, #{username})
	</insert>
	
	<select id="selectLogin" parameterType="CryptoUser" resultType="CryptoUser">
		select * from crypto_user
		where userid = #{userid}
	</select>
</mapper>